# JRE version: OpenJDK Runtime Environment (8.0_152-b01) (build 1.8.0_152-release-1248-b01)
# Java VM: OpenJDK 64-Bit Server VM (25.152-b01 mixed mode windows-amd64 compressed oops)
Heap:
 PSYoungGen      total 496640K, used 314289K [0x00000000e0000000, 0x0000000100000000, 0x0000000100000000)
  eden space 478208K, 61% used [0x00000000e0000000,0x00000000f2116ee0,0x00000000fd300000)
  from space 18432K, 99% used [0x00000000fd300000,0x00000000fe4d55d0,0x00000000fe500000)
  to   space 24064K, 0% used [0x00000000fe880000,0x00000000fe880000,0x0000000100000000)
 ParOldGen       total 311808K, used 64688K [0x00000000a0000000, 0x00000000b3080000, 0x00000000e0000000)
  object space 311808K, 20% used [0x00000000a0000000,0x00000000a3f2c160,0x00000000b3080000)
 Metaspace       used 99669K, capacity 106106K, committed 106416K, reserved 1142784K
  class space    used 12453K, capacity 13639K, committed 13744K, reserved 1048576K
GC Heap History (10 events):
Event: 844.590 GC heap before
{Heap before GC invocations=35 (full 4):
 PSYoungGen      total 496128K, used 485429K [0x00000000e0000000, 0x00000000ffd00000, 0x0000000100000000)
  eden space 473088K, 99% used [0x00000000e0000000,0x00000000fcdbf4c8,0x00000000fce00000)
  from space 23040K, 54% used [0x00000000fe680000,0x00000000ff2ce190,0x00000000ffd00000)
  to   space 24064K, 0% used [0x00000000fce00000,0x00000000fce00000,0x00000000fe580000)
 ParOldGen       total 311808K, used 62784K [0x00000000a0000000, 0x00000000b3080000, 0x00000000e0000000)
  object space 311808K, 20% used [0x00000000a0000000,0x00000000a3d500f0,0x00000000b3080000)
 Metaspace       used 98473K, capacity 104674K, committed 105008K, reserved 1140736K
  class space    used 12379K, capacity 13483K, committed 13616K, reserved 1048576K
Event: 844.603 GC heap after
Heap after GC invocations=35 (full 4):
 PSYoungGen      total 497152K, used 12616K [0x00000000e0000000, 0x00000000ffe00000, 0x0000000100000000)
  eden space 473088K, 0% used [0x00000000e0000000,0x00000000e0000000,0x00000000fce00000)
  from space 24064K, 52% used [0x00000000fce00000,0x00000000fda52178,0x00000000fe580000)
  to   space 22528K, 0% used [0x00000000fe800000,0x00000000fe800000,0x00000000ffe00000)
 ParOldGen       total 311808K, used 62792K [0x00000000a0000000, 0x00000000b3080000, 0x00000000e0000000)
  object space 311808K, 20% used [0x00000000a0000000,0x00000000a3d520f0,0x00000000b3080000)
 Metaspace       used 98473K, capacity 104674K, committed 105008K, reserved 1140736K
  class space    used 12379K, capacity 13483K, committed 13616K, reserved 1048576K
}
Event: 869.116 GC heap before
{Heap before GC invocations=36 (full 4):
 PSYoungGen      total 497152K, used 484956K [0x00000000e0000000, 0x00000000ffe00000, 0x0000000100000000)
  eden space 473088K, 99% used [0x00000000e0000000,0x00000000fcd45260,0x00000000fce00000)
  from space 24064K, 52% used [0x00000000fce00000,0x00000000fda52178,0x00000000fe580000)
  to   space 22528K, 0% used [0x00000000fe800000,0x00000000fe800000,0x00000000ffe00000)
 ParOldGen       total 311808K, used 62792K [0x00000000a0000000, 0x00000000b3080000, 0x00000000e0000000)
  object space 311808K, 20% used [0x00000000a0000000,0x00000000a3d520f0,0x00000000b3080000)
 Metaspace       used 98576K, capacity 104752K, committed 105008K, reserved 1140736K
  class space    used 12386K, capacity 13496K, committed 13616K, reserved 1048576K
Event: 869.122 GC heap after
Heap after GC invocations=36 (full 4):
 PSYoungGen      total 499712K, used 9385K [0x00000000e0000000, 0x00000000ffe80000, 0x0000000100000000)
  eden space 477184K, 0% used [0x00000000e0000000,0x00000000e0000000,0x00000000fd200000)
  from space 22528K, 41% used [0x00000000fe800000,0x00000000ff12a790,0x00000000ffe00000)
  to   space 22528K, 0% used [0x00000000fd200000,0x00000000fd200000,0x00000000fe800000)
 ParOldGen       total 311808K, used 62800K [0x00000000a0000000, 0x00000000b3080000, 0x00000000e0000000)
  object space 311808K, 20% used [0x00000000a0000000,0x00000000a3d540f0,0x00000000b3080000)
 Metaspace       used 98576K, capacity 104752K, committed 105008K, reserved 1140736K
  class space    used 12386K, capacity 13496K, committed 13616K, reserved 1048576K
}
Event: 1266.159 GC heap before
{Heap before GC invocations=37 (full 4):
 PSYoungGen      total 499712K, used 486569K [0x00000000e0000000, 0x00000000ffe80000, 0x0000000100000000)
  eden space 477184K, 100% used [0x00000000e0000000,0x00000000fd200000,0x00000000fd200000)
  from space 22528K, 41% used [0x00000000fe800000,0x00000000ff12a790,0x00000000ffe00000)
  to   space 22528K, 0% used [0x00000000fd200000,0x00000000fd200000,0x00000000fe800000)
 ParOldGen       total 311808K, used 62800K [0x00000000a0000000, 0x00000000b3080000, 0x00000000e0000000)
  object space 311808K, 20% used [0x00000000a0000000,0x00000000a3d540f0,0x00000000b3080000)
 Metaspace       used 99170K, capacity 105634K, committed 105904K, reserved 1140736K
  class space    used 12450K, capacity 13637K, committed 13744K, reserved 1048576K
Event: 1266.178 GC heap after
Heap after GC invocations=37 (full 4):
 PSYoungGen      total 499712K, used 14148K [0x00000000e0000000, 0x00000000fff00000, 0x0000000100000000)
  eden space 477184K, 0% used [0x00000000e0000000,0x00000000e0000000,0x00000000fd200000)
  from space 22528K, 62% used [0x00000000fd200000,0x00000000fdfd1398,0x00000000fe800000)
  to   space 22016K, 0% used [0x00000000fe980000,0x00000000fe980000,0x00000000fff00000)
 ParOldGen       total 311808K, used 62808K [0x00000000a0000000, 0x00000000b3080000, 0x00000000e0000000)
  object space 311808K, 20% used [0x00000000a0000000,0x00000000a3d560f0,0x00000000b3080000)
 Metaspace       used 99170K, capacity 105634K, committed 105904K, reserved 1140736K
  class space    used 12450K, capacity 13637K, committed 13744K, reserved 1048576K
}
Event: 1323.308 GC heap before
{Heap before GC invocations=38 (full 4):
 PSYoungGen      total 499712K, used 491246K [0x00000000e0000000, 0x00000000fff00000, 0x0000000100000000)
  eden space 477184K, 99% used [0x00000000e0000000,0x00000000fd1ea6a0,0x00000000fd200000)
  from space 22528K, 62% used [0x00000000fd200000,0x00000000fdfd1398,0x00000000fe800000)
  to   space 22016K, 0% used [0x00000000fe980000,0x00000000fe980000,0x00000000fff00000)
 ParOldGen       total 311808K, used 62808K [0x00000000a0000000, 0x00000000b3080000, 0x00000000e0000000)
  object space 311808K, 20% used [0x00000000a0000000,0x00000000a3d560f0,0x00000000b3080000)
 Metaspace       used 99391K, capacity 105774K, committed 105904K, reserved 1140736K
  class space    used 12452K, capacity 13639K, committed 13744K, reserved 1048576K
Event: 1323.330 GC heap after
Heap after GC invocations=38 (full 4):
 PSYoungGen      total 500224K, used 18334K [0x00000000e0000000, 0x0000000100000000, 0x0000000100000000)
  eden space 478208K, 0% used [0x00000000e0000000,0x00000000e0000000,0x00000000fd300000)
  from space 22016K, 83% used [0x00000000fe980000,0x00000000ffb67a08,0x00000000fff00000)
  to   space 23040K, 0% used [0x00000000fd300000,0x00000000fd300000,0x00000000fe980000)
 ParOldGen       total 311808K, used 62816K [0x00000000a0000000, 0x00000000b3080000, 0x00000000e0000000)
  object space 311808K, 20% used [0x00000000a0000000,0x00000000a3d580f0,0x00000000b3080000)
 Metaspace       used 99391K, capacity 105774K, committed 105904K, reserved 1140736K
  class space    used 12452K, capacity 13639K, committed 13744K, reserved 1048576K
}
Event: 1324.976 GC heap before
{Heap before GC invocations=39 (full 4):
 PSYoungGen      total 500224K, used 496426K [0x00000000e0000000, 0x0000000100000000, 0x0000000100000000)
  eden space 478208K, 99% used [0x00000000e0000000,0x00000000fd2e2ff0,0x00000000fd300000)
  from space 22016K, 83% used [0x00000000fe980000,0x00000000ffb67a08,0x00000000fff00000)
  to   space 23040K, 0% used [0x00000000fd300000,0x00000000fd300000,0x00000000fe980000)
 ParOldGen       total 311808K, used 62816K [0x00000000a0000000, 0x00000000b3080000, 0x00000000e0000000)
  object space 311808K, 20% used [0x00000000a0000000,0x00000000a3d580f0,0x00000000b3080000)
 Metaspace       used 99566K, capacity 105970K, committed 106160K, reserved 1142784K
  class space    used 12452K, capacity 13639K, committed 13744K, reserved 1048576K
Event: 1324.989 GC heap after
Heap after GC invocations=39 (full 4):
 PSYoungGen      total 496640K, used 18261K [0x00000000e0000000, 0x0000000100000000, 0x0000000100000000)
  eden space 478208K, 0% used [0x00000000e0000000,0x00000000e0000000,0x00000000fd300000)
  from space 18432K, 99% used [0x00000000fd300000,0x00000000fe4d55d0,0x00000000fe500000)
  to   space 24064K, 0% used [0x00000000fe880000,0x00000000fe880000,0x0000000100000000)
 ParOldGen       total 311808K, used 64688K [0x00000000a0000000, 0x00000000b3080000, 0x00000000e0000000)
  object space 311808K, 20% used [0x00000000a0000000,0x00000000a3f2c160,0x00000000b3080000)
 Metaspace       used 99566K, capacity 105970K, committed 106160K, reserved 1142784K
  class space    used 12452K, capacity 13639K, committed 13744K, reserved 1048576K
}

